<?xml version="1.0" encoding="UTF-8"?>
<testng-results ignored="0" total="6" passed="6" failed="0" skipped="0">
  <reporter-output>
  </reporter-output>
  <suite started-at="2022-09-07T18:00:57 TRT" name="Default Suite" finished-at="2022-09-07T18:01:05 TRT" duration-ms="7926">
    <groups>
    </groups>
    <test started-at="2022-09-07T18:00:57 TRT" name="HotelAPITest" finished-at="2022-09-07T18:01:05 TRT" duration-ms="7926">
      <class name="HotelReservationAPI">
        <test-method signature="createToken()[pri:1, instance:HotelReservationAPI@5204062d]" started-at="2022-09-07T18:00:57 TRT" name="createToken" finished-at="2022-09-07T18:01:01 TRT" duration-ms="3427" status="PASS">
          <reporter-output>
          </reporter-output>
        </test-method> <!-- createToken -->
        <test-method signature="getBookingIds()[pri:2, instance:HotelReservationAPI@5204062d]" started-at="2022-09-07T18:01:01 TRT" name="getBookingIds" finished-at="2022-09-07T18:01:02 TRT" duration-ms="998" status="PASS">
          <reporter-output>
          </reporter-output>
        </test-method> <!-- getBookingIds -->
        <test-method signature="createBooking()[pri:3, instance:HotelReservationAPI@5204062d]" started-at="2022-09-07T18:01:02 TRT" name="createBooking" finished-at="2022-09-07T18:01:03 TRT" duration-ms="815" status="PASS">
          <reporter-output>
          </reporter-output>
        </test-method> <!-- createBooking -->
        <test-method signature="partialUpdateBooking()[pri:4, instance:HotelReservationAPI@5204062d]" started-at="2022-09-07T18:01:03 TRT" name="partialUpdateBooking" finished-at="2022-09-07T18:01:04 TRT" duration-ms="847" status="PASS">
          <reporter-output>
          </reporter-output>
        </test-method> <!-- partialUpdateBooking -->
        <test-method signature="updateBooking()[pri:5, instance:HotelReservationAPI@5204062d]" started-at="2022-09-07T18:01:04 TRT" name="updateBooking" finished-at="2022-09-07T18:01:04 TRT" duration-ms="904" status="PASS">
          <reporter-output>
          </reporter-output>
        </test-method> <!-- updateBooking -->
        <test-method signature="deleteCreatedBooking()[pri:6, instance:HotelReservationAPI@5204062d]" started-at="2022-09-07T18:01:04 TRT" name="deleteCreatedBooking" finished-at="2022-09-07T18:01:05 TRT" duration-ms="857" status="PASS">
          <reporter-output>
          </reporter-output>
        </test-method> <!-- deleteCreatedBooking -->
      </class> <!-- HotelReservationAPI -->
    </test> <!-- HotelAPITest -->
  </suite> <!-- Default Suite -->
</testng-results>
